
> safar@0.1.0 build
> next build

Ôû▓ Next.js 16.2.1 (Turbopack)
- Environments: .env

node.exe : ÔÜá The 
"middleware" file 
convention is deprecated. 
Please use "proxy" 
instead. Learn more: https
://nextjs.org/docs/message
s/middleware-to-proxy
At line:1 char:1
+ & "C:\Program 
Files\nodejs/node.exe" 
"C:\Program 
Files\nodejs/node_mo ...
+ ~~~~~~~~~~~~~~~~~~~~~~~~
~~~~~~~~~~~~~~~~~~~~~~~~~~
~~~~~~~~~~~~~~~~~~~
    + CategoryInfo        
      : NotSpecified: (Ô  
  Üá The "middle...lewa   
 re-to-proxy:String) [    
], RemoteException
    + FullyQualifiedError 
   Id : NativeCommandErr  
  or
 
  Creating an optimized production build ...
Ô£ô Compiled successfully in 12.1s
  Running TypeScript ...
  Finished TypeScript in 14.7s ...
  Collecting page data using 7 workers ...
  Generating static pages using 7 workers (0/67) ...
  Generating static pages using 7 workers (16/67) 
  Generating static pages using 7 workers (33/67) 
  Generating static pages using 7 workers (50/67) 
prisma:error 
Invalid `prisma.user.count()` invocation:


Can't reach database server at `localhost:3306`

Please make sure your database server is running at `localhost:3306`.
prisma:error 
Invalid `prisma.partner.count()` invocation:


Can't reach database server at `localhost:3306`

Please make sure your database server is running at `localhost:3306`.
prisma:error 
Invalid `prisma.payment.count()` invocation:


Can't reach database server at `localhost:3306`

Please make sure your database server is running at `localhost:3306`.
prisma:error 
Invalid `prisma.payment.aggregate()` invocation:


Can't reach database server at `localhost:3306`

Please make sure your database server is running at `localhost:3306`.
prisma:error 
Invalid `prisma.tourPackage.count()` invocation:


Can't reach database server at `localhost:3306`

Please make sure your database server is running at `localhost:3306`.
prisma:error 
Invalid `prisma.hotel.count()` invocation:


Can't reach database server at `localhost:3306`

Please make sure your database server is running at `localhost:3306`.
prisma:error 
Invalid `prisma.auditLog.findMany()` invocation:


Can't reach database server at `localhost:3306`

Please make sure your database server is running at `localhost:3306`.
prisma:error 
Invalid `prisma.payment.findMany()` invocation:


Can't reach database server at `localhost:3306`

Please make sure your database server is running at `localhost:3306`.
Error occurred 
prerendering page 
"/admin". Read more: https
://nextjs.org/docs/message
s/prerender-error
Error [PrismaClientInitial
izationError]: 
Invalid 
`prisma.user.count()` 
invocation:


Can't reach database 
server at `localhost:3306`

Please make sure your 
database server is 
running at 
`localhost:3306`.
    at async s (C:\Users\a
bbiehil\Desktop\safar\.nex
t\server\chunks\ssr\[root-
of-the-server]__0jwmnjo._.
js:1:6539)
    at async w (C:\Users\a
bbiehil\Desktop\safar\.nex
t\server\chunks\ssr\[root-
of-the-server]__0jwmnjo._.
js:1:7621) {
  clientVersion: '6.19.2',
  errorCode: undefined,
  retryable: undefined,
  digest: '2366037120'
}
Export encountered an 
error on /admin/page: 
/admin, exiting the build.
Ô¿» Next.js build worker 
exited with code: 1 and 
signal: null
